INFO:root:Crawler Started
INFO:root:Page popped from queue https://cs.uic.edu
DEBUG:root:Page read https://cs.uic.edu 0
INFO:root:https://cs.uic.edu added
INFO:root:-------------------------------------------
INFO:root:Page popped from queue https://cs.uic.edu
INFO:root:Page popped from queue https://uic.edu
DEBUG:root:Page read https://uic.edu 1
INFO:root:https://uic.edu added
INFO:root:-------------------------------------------
INFO:root:Page popped from queue https://cs.uic.edu/wp-content/themes/uic-red/images/svgs/svgs.svg#icon-close
INFO:root:-------------------------------------------
INFO:root:Page popped from queue https://cs.uic.edu/undergraduate
DEBUG:root:Page read https://cs.uic.edu/undergraduate 2
INFO:root:https://cs.uic.edu/undergraduate added
INFO:root:-------------------------------------------
INFO:root:Page popped from queue https://cs.uic.edu/undergraduate/admitted-students
DEBUG:root:Page read https://cs.uic.edu/undergraduate/admitted-students 3
INFO:root:https://cs.uic.edu/undergraduate/admitted-students added
INFO:root:-------------------------------------------
INFO:root:Page popped from queue https://engineering.uic.edu/undergraduate-admissions
DEBUG:root:Page read https://engineering.uic.edu/undergraduate-admissions 4
INFO:root:https://engineering.uic.edu/undergraduate-admissions added
INFO:root:-------------------------------------------
INFO:root:Page popped from queue https://cs.uic.edu/undergraduate/abet-accreditation
DEBUG:root:Page read https://cs.uic.edu/undergraduate/abet-accreditation 5
INFO:root:https://cs.uic.edu/undergraduate/abet-accreditation added
INFO:root:-------------------------------------------
INFO:root:Page popped from queue https://cs.uic.edu/undergraduate/cs-major
DEBUG:root:Page read https://cs.uic.edu/undergraduate/cs-major 6
INFO:root:https://cs.uic.edu/undergraduate/cs-major added
INFO:root:-------------------------------------------
INFO:root:Page popped from queue https://cs.uic.edu/undergraduate/cs-minor
DEBUG:root:Page read https://cs.uic.edu/undergraduate/cs-minor 7
INFO:root:https://cs.uic.edu/undergraduate/cs-minor added
INFO:root:-------------------------------------------
INFO:root:Page popped from queue https://cs.uic.edu/undergraduate/undergrad-courses
DEBUG:root:Page read https://cs.uic.edu/undergraduate/undergrad-courses 8
INFO:root:https://cs.uic.edu/undergraduate/undergrad-courses added
INFO:root:-------------------------------------------
INFO:root:Page popped from queue https://cs.uic.edu/undergraduate/internships-and-jobs
DEBUG:root:Page read https://cs.uic.edu/undergraduate/internships-and-jobs 9
INFO:root:https://cs.uic.edu/undergraduate/internships-and-jobs added
INFO:root:-------------------------------------------
INFO:root:Page popped from queue https://cs.uic.edu/undergraduate/student-organizations
DEBUG:root:Page read https://cs.uic.edu/undergraduate/student-organizations 10
INFO:root:https://cs.uic.edu/undergraduate/student-organizations added
INFO:root:-------------------------------------------
INFO:root:Page popped from queue https://cs.uic.edu/undergraduate/student-profiles
DEBUG:root:Page read https://cs.uic.edu/undergraduate/student-profiles 11
INFO:root:https://cs.uic.edu/undergraduate/student-profiles added
INFO:root:-------------------------------------------
INFO:root:Page popped from queue https://cs.uic.edu/undergraduate/student-resources
DEBUG:root:Page read https://cs.uic.edu/undergraduate/student-resources 12
INFO:root:https://cs.uic.edu/undergraduate/student-resources added
INFO:root:-------------------------------------------
INFO:root:Page popped from queue https://cs.uic.edu/undergraduate/women
DEBUG:root:Page read https://cs.uic.edu/undergraduate/women 13
INFO:root:https://cs.uic.edu/undergraduate/women added
INFO:root:-------------------------------------------
INFO:root:Page popped from queue https://cs.uic.edu/graduate
DEBUG:root:Page read https://cs.uic.edu/graduate 14
INFO:root:https://cs.uic.edu/graduate added
INFO:root:-------------------------------------------
INFO:root:Page popped from queue https://cs.uic.edu/graduate/admitted-students
DEBUG:root:Page read https://cs.uic.edu/graduate/admitted-students 15
INFO:root:https://cs.uic.edu/graduate/admitted-students added
INFO:root:-------------------------------------------
INFO:root:Page popped from queue https://cs.uic.edu/graduate/admissions
DEBUG:root:Page read https://cs.uic.edu/graduate/admissions 16
INFO:root:https://cs.uic.edu/graduate/admissions added
INFO:root:-------------------------------------------
INFO:root:Page popped from queue https://cs.uic.edu/graduate/graduate-courses
DEBUG:root:Page read https://cs.uic.edu/graduate/graduate-courses 17
INFO:root:https://cs.uic.edu/graduate/graduate-courses added
INFO:root:-------------------------------------------
INFO:root:Page popped from queue https://cs.uic.edu/graduate/ms-program
DEBUG:root:Page read https://cs.uic.edu/graduate/ms-program 18
INFO:root:https://cs.uic.edu/graduate/ms-program added
INFO:root:-------------------------------------------
INFO:root:Page popped from queue https://cs.uic.edu/graduate/phd
DEBUG:root:Page read https://cs.uic.edu/graduate/phd 19
INFO:root:https://cs.uic.edu/graduate/phd added
INFO:root:-------------------------------------------
INFO:root:Page popped from queue https://cs.uic.edu/graduate/cs-dissertations
DEBUG:root:Page read https://cs.uic.edu/graduate/cs-dissertations 20
INFO:root:https://cs.uic.edu/graduate/cs-dissertations added
INFO:root:-------------------------------------------
INFO:root:Page popped from queue https://cs.uic.edu/graduate/post-grad-outcomes
DEBUG:root:Page read https://cs.uic.edu/graduate/post-grad-outcomes 21
INFO:root:https://cs.uic.edu/graduate/post-grad-outcomes added
INFO:root:-------------------------------------------
INFO:root:Page popped from queue https://cs.uic.edu/graduate/student-profiles
DEBUG:root:Page read https://cs.uic.edu/graduate/student-profiles 22
INFO:root:https://cs.uic.edu/graduate/student-profiles added
INFO:root:-------------------------------------------
INFO:root:Page popped from queue https://cs.uic.edu/graduate/graduate-student-resources
DEBUG:root:Page read https://cs.uic.edu/graduate/graduate-student-resources 23
INFO:root:https://cs.uic.edu/graduate/graduate-student-resources added
INFO:root:-------------------------------------------
INFO:root:Page popped from queue https://cs.uic.edu/cs-research
DEBUG:root:Page read https://cs.uic.edu/cs-research 24
INFO:root:https://cs.uic.edu/cs-research added
INFO:root:-------------------------------------------
INFO:root:Page popped from queue https://cs.uic.edu/cs-research/research-areas-2
DEBUG:root:Page read https://cs.uic.edu/cs-research/research-areas-2 25
INFO:root:https://cs.uic.edu/cs-research/research-areas-2 added
INFO:root:-------------------------------------------
INFO:root:Page popped from queue https://cs.uic.edu/cs-research/labs
DEBUG:root:Page read https://cs.uic.edu/cs-research/labs 26
INFO:root:https://cs.uic.edu/cs-research/labs added
INFO:root:-------------------------------------------
INFO:root:Page popped from queue https://cs.uic.edu/cs-research/lectures-seminars
DEBUG:root:Page read https://cs.uic.edu/cs-research/lectures-seminars 27
INFO:root:https://cs.uic.edu/cs-research/lectures-seminars added
INFO:root:-------------------------------------------
INFO:root:Page popped from queue https://cs.uic.edu/cs-research/reus
DEBUG:root:Page read https://cs.uic.edu/cs-research/reus 28
INFO:root:https://cs.uic.edu/cs-research/reus added
INFO:root:-------------------------------------------
INFO:root:Page popped from queue https://cs.uic.edu/faculty-staff
DEBUG:root:Page read https://cs.uic.edu/faculty-staff 29
INFO:root:https://cs.uic.edu/faculty-staff added
INFO:root:-------------------------------------------
INFO:root:Page popped from queue https://cs.uic.edu/faculty-staff/department-head
DEBUG:root:Page read https://cs.uic.edu/faculty-staff/department-head 30
INFO:root:https://cs.uic.edu/faculty-staff/department-head added
INFO:root:-------------------------------------------
INFO:root:Page popped from queue https://cs.uic.edu/faculty-staff/faculty
DEBUG:root:Page read https://cs.uic.edu/faculty-staff/faculty 31
INFO:root:https://cs.uic.edu/faculty-staff/faculty added
INFO:root:-------------------------------------------
INFO:root:Page popped from queue https://cs.uic.edu/faculty-staff/emeritus-faculty
DEBUG:root:Page read https://cs.uic.edu/faculty-staff/emeritus-faculty 32
INFO:root:https://cs.uic.edu/faculty-staff/emeritus-faculty added
INFO:root:-------------------------------------------
INFO:root:Page popped from queue https://cs.uic.edu/faculty-staff/adjunct-faculty
DEBUG:root:Page read https://cs.uic.edu/faculty-staff/adjunct-faculty 33
INFO:root:https://cs.uic.edu/faculty-staff/adjunct-faculty added
INFO:root:-------------------------------------------
INFO:root:Page popped from queue https://cs.uic.edu/faculty-staff/staff
DEBUG:root:Page read https://cs.uic.edu/faculty-staff/staff 34
INFO:root:https://cs.uic.edu/faculty-staff/staff added
INFO:root:-------------------------------------------
INFO:root:Page popped from queue https://cs.uic.edu/faculty-staff/faculty-resources
DEBUG:root:Page read https://cs.uic.edu/faculty-staff/faculty-resources 35
INFO:root:https://cs.uic.edu/faculty-staff/faculty-resources added
INFO:root:-------------------------------------------
INFO:root:Page popped from queue https://cs.uic.edu/faculty-staff/open-positions
DEBUG:root:Page read https://cs.uic.edu/faculty-staff/open-positions 36
INFO:root:https://cs.uic.edu/faculty-staff/open-positions added
INFO:root:-------------------------------------------
INFO:root:Page popped from queue https://cs.uic.edu/cs-news
DEBUG:root:Page read https://cs.uic.edu/cs-news 37
INFO:root:https://cs.uic.edu/cs-news added
INFO:root:-------------------------------------------
INFO:root:Page popped from queue https://cs.uic.edu/cs-news/all-news
DEBUG:root:Page read https://cs.uic.edu/cs-news/all-news 38
INFO:root:https://cs.uic.edu/cs-news/all-news added
INFO:root:-------------------------------------------
INFO:root:Page popped from queue https://cs.uic.edu/cs-news/press-mentions
DEBUG:root:Page read https://cs.uic.edu/cs-news/press-mentions 39
INFO:root:https://cs.uic.edu/cs-news/press-mentions added
INFO:root:-------------------------------------------
INFO:root:Page popped from queue https://cs.uic.edu/cs-events
DEBUG:root:Page read https://cs.uic.edu/cs-events 40
INFO:root:https://cs.uic.edu/cs-events added
INFO:root:-------------------------------------------
INFO:root:Page popped from queue https://cs.uic.edu/cs-events/calendar
DEBUG:root:Page read https://cs.uic.edu/cs-events/calendar 41
INFO:root:https://cs.uic.edu/cs-events/calendar added
INFO:root:-------------------------------------------
INFO:root:Page popped from queue https://cs.uic.edu/cs-events/student-opportunities
DEBUG:root:Page read https://cs.uic.edu/cs-events/student-opportunities 42
INFO:root:https://cs.uic.edu/cs-events/student-opportunities added
INFO:root:-------------------------------------------
INFO:root:Page popped from queue https://engineering.uic.edu/support
DEBUG:root:Page read https://engineering.uic.edu/support 43
INFO:root:https://engineering.uic.edu/support added
INFO:root:-------------------------------------------
INFO:root:Page popped from queue https://engineeringalumni.uic.edu
DEBUG:root:Page read https://engineeringalumni.uic.edu 44
INFO:root:https://engineeringalumni.uic.edu added
INFO:root:-------------------------------------------
INFO:root:Page popped from queue https://engineering.uic.edu
DEBUG:root:Page read https://engineering.uic.edu 45
INFO:root:https://engineering.uic.edu added
INFO:root:-------------------------------------------
INFO:root:Page popped from queue https://maps.uic.edu
DEBUG:root:Page read https://maps.uic.edu 46
INFO:root:https://maps.uic.edu added
INFO:root:-------------------------------------------
INFO:root:Page popped from queue https://cs.uic.edu/news-stories/uic-cs-students-help-chicago-public-school-students-explore-computer-science
DEBUG:root:Page read https://cs.uic.edu/news-stories/uic-cs-students-help-chicago-public-school-students-explore-computer-science 47
INFO:root:https://cs.uic.edu/news-stories/uic-cs-students-help-chicago-public-school-students-explore-computer-science added
INFO:root:-------------------------------------------
INFO:root:Page popped from queue https://cs.uic.edu/news-stories/board-grants-key-approvals-for-uics-new-health-care-engineering-buildings
DEBUG:root:Page read https://cs.uic.edu/news-stories/board-grants-key-approvals-for-uics-new-health-care-engineering-buildings 48
INFO:root:https://cs.uic.edu/news-stories/board-grants-key-approvals-for-uics-new-health-care-engineering-buildings added
INFO:root:-------------------------------------------
INFO:root:Page popped from queue https://cs.uic.edu/news-stories/uic-aims-to-break-through-gender-gap-in-computer-science
DEBUG:root:Page read https://cs.uic.edu/news-stories/uic-aims-to-break-through-gender-gap-in-computer-science 49
INFO:root:https://cs.uic.edu/news-stories/uic-aims-to-break-through-gender-gap-in-computer-science added
INFO:root:-------------------------------------------
INFO:root:Page popped from queue https://catalog.uic.edu/ucat/academic-calendar
DEBUG:root:Page read https://catalog.uic.edu/ucat/academic-calendar 50
INFO:root:https://catalog.uic.edu/ucat/academic-calendar added
INFO:root:-------------------------------------------
INFO:root:Page popped from queue https://www.uic.edu/apps/departments-az/search
DEBUG:root:Page read https://www.uic.edu/apps/departments-az/search 51
INFO:root:https://www.uic.edu/apps/departments-az/search added
INFO:root:-------------------------------------------
INFO:root:Page popped from queue https://disabilityresources.uic.edu
DEBUG:root:Page read https://disabilityresources.uic.edu 52
INFO:root:https://disabilityresources.uic.edu added
INFO:root:-------------------------------------------
INFO:root:Page popped from queue https://emergency.uic.edu
DEBUG:root:Page read https://emergency.uic.edu 53
INFO:root:https://emergency.uic.edu added
INFO:root:-------------------------------------------
INFO:root:Page popped from queue https://today.uic.edu/events
DEBUG:root:Page read https://today.uic.edu/events 54
INFO:root:https://today.uic.edu/events added
INFO:root:-------------------------------------------
INFO:root:Page popped from queue https://uic.edu/about/job-opportunities
DEBUG:root:Page read https://uic.edu/about/job-opportunities 55
INFO:root:https://uic.edu/about/job-opportunities added
INFO:root:-------------------------------------------
INFO:root:Page popped from queue https://library.uic.edu
DEBUG:root:Page read https://library.uic.edu 56
INFO:root:https://library.uic.edu added
INFO:root:-------------------------------------------
INFO:root:Page popped from queue https://ready.uic.edu/digital-materials/uic-safe-mobile-app
INFO:root:-------------------------------------------
INFO:root:Page popped from queue https://today.uic.edu
DEBUG:root:Page read https://today.uic.edu 57
INFO:root:https://today.uic.edu added
INFO:root:-------------------------------------------
INFO:root:Page popped from queue https://uihealth.uic.edu
DEBUG:root:Page read https://uihealth.uic.edu 58
INFO:root:https://uihealth.uic.edu added
INFO:root:-------------------------------------------
INFO:root:Page popped from queue https://dos.uic.edu/student-veterans-affairs
DEBUG:root:Page read https://dos.uic.edu/student-veterans-affairs 59
INFO:root:https://dos.uic.edu/student-veterans-affairs added
INFO:root:-------------------------------------------
INFO:root:Page popped from queue https://maps.uic.edu
INFO:root:Page popped from queue https://www.uic.edu/apps/departments-az/search
INFO:root:Page popped from queue https://uic.edu/about/contact-us
DEBUG:root:Page read https://uic.edu/about/contact-us 60
INFO:root:https://uic.edu/about/contact-us added
INFO:root:-------------------------------------------
INFO:root:Page popped from queue https://library.uic.edu
INFO:root:Page popped from queue https://oge.uic.edu
DEBUG:root:Page read https://oge.uic.edu 61
INFO:root:https://oge.uic.edu added
INFO:root:-------------------------------------------
INFO:root:Page popped from queue https://today.uic.edu/resources/current-students
DEBUG:root:Page read https://today.uic.edu/resources/current-students 62
INFO:root:https://today.uic.edu/resources/current-students added
INFO:root:-------------------------------------------
INFO:root:Page popped from queue https://today.uic.edu/resources/faculty-staff
DEBUG:root:Page read https://today.uic.edu/resources/faculty-staff 63
INFO:root:https://today.uic.edu/resources/faculty-staff added
INFO:root:-------------------------------------------
INFO:root:Page popped from queue https://uihealth.uic.edu
INFO:root:Page popped from queue https://give.uic.edu
DEBUG:root:Page read https://give.uic.edu 64
INFO:root:https://give.uic.edu added
INFO:root:-------------------------------------------
INFO:root:Page popped from queue https://uic.edu/admissions-aid
DEBUG:root:Page read https://uic.edu/admissions-aid 65
INFO:root:https://uic.edu/admissions-aid added
INFO:root:-------------------------------------------
INFO:root:Page popped from queue https://uic.edu/admissions-aid/visit-campus
DEBUG:root:Page read https://uic.edu/admissions-aid/visit-campus 66
INFO:root:https://uic.edu/admissions-aid/visit-campus added
INFO:root:-------------------------------------------
INFO:root:Page popped from queue https://uic.edu/admissions-aid/paying-for-college
DEBUG:root:Page read https://uic.edu/admissions-aid/paying-for-college 67
INFO:root:https://uic.edu/admissions-aid/paying-for-college added
INFO:root:-------------------------------------------
INFO:root:Page popped from queue https://uic.edu/academics
DEBUG:root:Page read https://uic.edu/academics 68
INFO:root:https://uic.edu/academics added
INFO:root:-------------------------------------------
INFO:root:Page popped from queue https://uic.edu/academics/programs-of-study
